Analysis & Elaboration report for pllnrst
Tue May 19 14:53:57 2015
Quartus II Version 9.1 Build 222 10/21/2009 SJ Web Edition


---------------------
; Table of Contents ;
---------------------
  1. Legal Notice
  2. Legal Notice
  3. Flow Summary
  4. Flow Settings
  5. Flow Non-Default Global Settings
  6. Flow Elapsed Time
  7. Flow OS Summary
  8. Flow Log
  9. Analysis & Elaboration Summary
 10. Parallel Compilation
 11. Source assignments for pll:pll_inst|altpll:altpll_component|pll_altpll:auto_generated
 12. Parameter Settings for User Entity Instance: pll:pll_inst|altpll:altpll_component
 13. altpll Parameter Settings by Entity Instance
 14. Analysis & Elaboration Settings
 15. Analysis & Elaboration Messages



----------------
; Legal Notice ;
----------------
Copyright (C) 1991-2009 Altera Corporation
Your use of Altera Corporation's design tools, logic functions 
and other software and tools, and its AMPP partner logic 
functions, and any output files from any of the foregoing 
(including device programming or simulation files), and any 
associated documentation or information are expressly subject 
to the terms and conditions of the Altera Program License 
Subscription Agreement, Altera MegaCore Function License 
Agreement, or other applicable license agreement, including, 
without limitation, that your use is for the sole purpose of 
programming logic devices manufactured by Altera and sold by 
Altera or its authorized distributors.  Please refer to the 
applicable agreement for further details.



----------------
; Legal Notice ;
----------------
Copyright (C) 1991-2009 Altera Corporation
Your use of Altera Corporation's design tools, logic functions 
and other software and tools, and its AMPP partner logic 
functions, and any output files from any of the foregoing 
(including device programming or simulation files), and any 
associated documentation or information are expressly subject 
to the terms and conditions of the Altera Program License 
Subscription Agreement, Altera MegaCore Function License 
Agreement, or other applicable license agreement, including, 
without limitation, that your use is for the sole purpose of 
programming logic devices manufactured by Altera and sold by 
Altera or its authorized distributors.  Please refer to the 
applicable agreement for further details.



+------------------------------------------------------------------------------+
; Flow Summary                                                                 ;
+------------------------------------+-----------------------------------------+
; Flow Status                        ; Successful - Tue May 19 14:53:57 2015   ;
; Quartus II Version                 ; 9.1 Build 222 10/21/2009 SJ Web Edition ;
; Revision Name                      ; pllnrst                                 ;
; Top-level Entity Name              ; pllnrst                                 ;
; Family                             ; Cyclone III                             ;
; Device                             ; EP3C25Q240C8                            ;
; Timing Models                      ; Final                                   ;
; Met timing requirements            ; N/A                                     ;
; Total logic elements               ; N/A until Partition Merge               ;
;     Total combinational functions  ; N/A until Partition Merge               ;
;     Dedicated logic registers      ; N/A until Partition Merge               ;
; Total registers                    ; N/A until Partition Merge               ;
; Total pins                         ; N/A until Partition Merge               ;
; Total virtual pins                 ; N/A until Partition Merge               ;
; Total memory bits                  ; N/A until Partition Merge               ;
; Embedded Multiplier 9-bit elements ; N/A until Partition Merge               ;
; Total PLLs                         ; N/A until Partition Merge               ;
+------------------------------------+-----------------------------------------+


+-----------------------------------------+
; Flow Settings                           ;
+-------------------+---------------------+
; Option            ; Setting             ;
+-------------------+---------------------+
; Start date & time ; 05/19/2015 14:53:56 ;
; Main task         ; Compilation         ;
; Revision Name     ; pllnrst             ;
+-------------------+---------------------+


+----------------------------------------------------------------------------------------------------------------------+
; Flow Non-Default Global Settings                                                                                     ;
+--------------------------------------+--------------------------------+---------------+-------------+----------------+
; Assignment Name                      ; Value                          ; Default Value ; Entity Name ; Section Id     ;
+--------------------------------------+--------------------------------+---------------+-------------+----------------+
; COMPILER_SIGNATURE_ID                ; 163617461227.143201843605468   ; --            ; --          ; --             ;
; EDA_DESIGN_INSTANCE_NAME             ; pllnrst_tb                     ; --            ; --          ; --             ;
; EDA_NATIVELINK_SIMULATION_TEST_BENCH ; pllnrst                        ; --            ; --          ; eda_simulation ;
; EDA_OUTPUT_DATA_FORMAT               ; Verilog Hdl                    ; --            ; --          ; eda_simulation ;
; EDA_SIMULATION_TOOL                  ; ModelSim-Altera (Verilog)      ; <None>        ; --          ; --             ;
; EDA_TEST_BENCH_ENABLE_STATUS         ; TEST_BENCH_MODE                ; --            ; --          ; eda_simulation ;
; EDA_TEST_BENCH_FILE                  ; simulation/modelsim/pllnrst.vt ; --            ; --          ; --             ;
; EDA_TEST_BENCH_MODULE_NAME           ; pllnrst_vlg_tst                ; --            ; --          ; --             ;
; EDA_TEST_BENCH_NAME                  ; pllnrst                        ; --            ; --          ; eda_simulation ;
; EDA_TIME_SCALE                       ; 1 ns                           ; --            ; --          ; eda_simulation ;
; IP_TOOL_NAME                         ; ALTPLL                         ; --            ; --          ; --             ;
; IP_TOOL_VERSION                      ; 9.1                            ; --            ; --          ; --             ;
; MAX_CORE_JUNCTION_TEMP               ; 85                             ; --            ; --          ; --             ;
; MIN_CORE_JUNCTION_TEMP               ; 0                              ; --            ; --          ; --             ;
; MISC_FILE                            ; pll_inst.v                     ; --            ; --          ; --             ;
; MISC_FILE                            ; pll_bb.v                       ; --            ; --          ; --             ;
; MISC_FILE                            ; pll.ppf                        ; --            ; --          ; --             ;
; NOMINAL_CORE_SUPPLY_VOLTAGE          ; 1.2V                           ; --            ; --          ; --             ;
; PARTITION_COLOR                      ; 16764057                       ; --            ; --          ; Top            ;
; PARTITION_NETLIST_TYPE               ; SOURCE                         ; --            ; --          ; Top            ;
; USE_GENERATED_PHYSICAL_CONSTRAINTS   ; Off                            ; --            ; --          ; eda_blast_fpga ;
+--------------------------------------+--------------------------------+---------------+-------------+----------------+


+----------------------------------------------------------------------------------------------------------------------------+
; Flow Elapsed Time                                                                                                          ;
+------------------------+--------------+-------------------------+---------------------+------------------------------------+
; Module Name            ; Elapsed Time ; Average Processors Used ; Peak Virtual Memory ; Total CPU Time (on all processors) ;
+------------------------+--------------+-------------------------+---------------------+------------------------------------+
; Analysis & Elaboration ; 00:00:02     ; 1.0                     ; 195 MB              ; 00:00:02                           ;
; Total                  ; 00:00:02     ; --                      ; --                  ; 00:00:02                           ;
+------------------------+--------------+-------------------------+---------------------+------------------------------------+


+-----------------------------------------------------------------------------------------+
; Flow OS Summary                                                                         ;
+------------------------+------------------+---------------+------------+----------------+
; Module Name            ; Machine Hostname ; OS Name       ; OS Version ; Processor type ;
+------------------------+------------------+---------------+------------+----------------+
; Analysis & Elaboration ; sungngai-PC      ; Windows Vista ; 6.1        ; i686           ;
+------------------------+------------------+---------------+------------+----------------+


------------
; Flow Log ;
------------
quartus_map --read_settings_files=on --write_settings_files=off pllnrst -c pllnrst --analysis_and_elaboration



+------------------------------------------------------------------------------+
; Analysis & Elaboration Summary                                               ;
+------------------------------------+-----------------------------------------+
; Analysis & Elaboration Status      ; Successful - Tue May 19 14:53:57 2015   ;
; Quartus II Version                 ; 9.1 Build 222 10/21/2009 SJ Web Edition ;
; Revision Name                      ; pllnrst                                 ;
; Top-level Entity Name              ; pllnrst                                 ;
; Family                             ; Cyclone III                             ;
; Total logic elements               ; N/A until Partition Merge               ;
;     Total combinational functions  ; N/A until Partition Merge               ;
;     Dedicated logic registers      ; N/A until Partition Merge               ;
; Total registers                    ; N/A until Partition Merge               ;
; Total pins                         ; N/A until Partition Merge               ;
; Total virtual pins                 ; N/A until Partition Merge               ;
; Total memory bits                  ; N/A until Partition Merge               ;
; Embedded Multiplier 9-bit elements ; N/A until Partition Merge               ;
; Total PLLs                         ; N/A until Partition Merge               ;
+------------------------------------+-----------------------------------------+


Parallel compilation was disabled, but you have multiple processors available. Enable parallel compilation to reduce compilation time.
+-------------------------------------+
; Parallel Compilation                ;
+----------------------------+--------+
; Processors                 ; Number ;
+----------------------------+--------+
; Number detected on machine ; 2      ;
; Maximum allowed            ; 1      ;
+----------------------------+--------+


+---------------------------------------------------------------------------------------+
; Source assignments for pll:pll_inst|altpll:altpll_component|pll_altpll:auto_generated ;
+---------------------------+-------+------+--------------------------------------------+
; Assignment                ; Value ; From ; To                                         ;
+---------------------------+-------+------+--------------------------------------------+
; SUPPRESS_DA_RULE_INTERNAL ; C104  ; -    ; -                                          ;
+---------------------------+-------+------+--------------------------------------------+


+-----------------------------------------------------------------------------------+
; Parameter Settings for User Entity Instance: pll:pll_inst|altpll:altpll_component ;
+-------------------------------+-------------------+-------------------------------+
; Parameter Name                ; Value             ; Type                          ;
+-------------------------------+-------------------+-------------------------------+
; OPERATION_MODE                ; NORMAL            ; Untyped                       ;
; PLL_TYPE                      ; AUTO              ; Untyped                       ;
; QUALIFY_CONF_DONE             ; OFF               ; Untyped                       ;
; COMPENSATE_CLOCK              ; CLK0              ; Untyped                       ;
; SCAN_CHAIN                    ; LONG              ; Untyped                       ;
; PRIMARY_CLOCK                 ; INCLK0            ; Untyped                       ;
; INCLK0_INPUT_FREQUENCY        ; 20000             ; Signed Integer                ;
; INCLK1_INPUT_FREQUENCY        ; 0                 ; Untyped                       ;
; GATE_LOCK_SIGNAL              ; NO                ; Untyped                       ;
; GATE_LOCK_COUNTER             ; 0                 ; Untyped                       ;
; LOCK_HIGH                     ; 1                 ; Untyped                       ;
; LOCK_LOW                      ; 1                 ; Untyped                       ;
; VALID_LOCK_MULTIPLIER         ; 1                 ; Untyped                       ;
; INVALID_LOCK_MULTIPLIER       ; 5                 ; Untyped                       ;
; SWITCH_OVER_ON_LOSSCLK        ; OFF               ; Untyped                       ;
; SWITCH_OVER_ON_GATED_LOCK     ; OFF               ; Untyped                       ;
; ENABLE_SWITCH_OVER_COUNTER    ; OFF               ; Untyped                       ;
; SKIP_VCO                      ; OFF               ; Untyped                       ;
; SWITCH_OVER_COUNTER           ; 0                 ; Untyped                       ;
; SWITCH_OVER_TYPE              ; AUTO              ; Untyped                       ;
; FEEDBACK_SOURCE               ; EXTCLK0           ; Untyped                       ;
; BANDWIDTH                     ; 0                 ; Untyped                       ;
; BANDWIDTH_TYPE                ; AUTO              ; Untyped                       ;
; SPREAD_FREQUENCY              ; 0                 ; Untyped                       ;
; DOWN_SPREAD                   ; 0                 ; Untyped                       ;
; SELF_RESET_ON_GATED_LOSS_LOCK ; OFF               ; Untyped                       ;
; SELF_RESET_ON_LOSS_LOCK       ; OFF               ; Untyped                       ;
; CLK9_MULTIPLY_BY              ; 0                 ; Untyped                       ;
; CLK8_MULTIPLY_BY              ; 0                 ; Untyped                       ;
; CLK7_MULTIPLY_BY              ; 0                 ; Untyped                       ;
; CLK6_MULTIPLY_BY              ; 0                 ; Untyped                       ;
; CLK5_MULTIPLY_BY              ; 1                 ; Untyped                       ;
; CLK4_MULTIPLY_BY              ; 1                 ; Untyped                       ;
; CLK3_MULTIPLY_BY              ; 1                 ; Untyped                       ;
; CLK2_MULTIPLY_BY              ; 1                 ; Untyped                       ;
; CLK1_MULTIPLY_BY              ; 1                 ; Untyped                       ;
; CLK0_MULTIPLY_BY              ; 1                 ; Signed Integer                ;
; CLK9_DIVIDE_BY                ; 0                 ; Untyped                       ;
; CLK8_DIVIDE_BY                ; 0                 ; Untyped                       ;
; CLK7_DIVIDE_BY                ; 0                 ; Untyped                       ;
; CLK6_DIVIDE_BY                ; 0                 ; Untyped                       ;
; CLK5_DIVIDE_BY                ; 1                 ; Untyped                       ;
; CLK4_DIVIDE_BY                ; 1                 ; Untyped                       ;
; CLK3_DIVIDE_BY                ; 1                 ; Untyped                       ;
; CLK2_DIVIDE_BY                ; 1                 ; Untyped                       ;
; CLK1_DIVIDE_BY                ; 1                 ; Untyped                       ;
; CLK0_DIVIDE_BY                ; 1                 ; Signed Integer                ;
; CLK9_PHASE_SHIFT              ; 0                 ; Untyped                       ;
; CLK8_PHASE_SHIFT              ; 0                 ; Untyped                       ;
; CLK7_PHASE_SHIFT              ; 0                 ; Untyped                       ;
; CLK6_PHASE_SHIFT              ; 0                 ; Untyped                       ;
; CLK5_PHASE_SHIFT              ; 0                 ; Untyped                       ;
; CLK4_PHASE_SHIFT              ; 0                 ; Untyped                       ;
; CLK3_PHASE_SHIFT              ; 0                 ; Untyped                       ;
; CLK2_PHASE_SHIFT              ; 0                 ; Untyped                       ;
; CLK1_PHASE_SHIFT              ; 0                 ; Untyped                       ;
; CLK0_PHASE_SHIFT              ; 0                 ; Untyped                       ;
; CLK5_TIME_DELAY               ; 0                 ; Untyped                       ;
; CLK4_TIME_DELAY               ; 0                 ; Untyped                       ;
; CLK3_TIME_DELAY               ; 0                 ; Untyped                       ;
; CLK2_TIME_DELAY               ; 0                 ; Untyped                       ;
; CLK1_TIME_DELAY               ; 0                 ; Untyped                       ;
; CLK0_TIME_DELAY               ; 0                 ; Untyped                       ;
; CLK9_DUTY_CYCLE               ; 50                ; Untyped                       ;
; CLK8_DUTY_CYCLE               ; 50                ; Untyped                       ;
; CLK7_DUTY_CYCLE               ; 50                ; Untyped                       ;
; CLK6_DUTY_CYCLE               ; 50                ; Untyped                       ;
; CLK5_DUTY_CYCLE               ; 50                ; Untyped                       ;
; CLK4_DUTY_CYCLE               ; 50                ; Untyped                       ;
; CLK3_DUTY_CYCLE               ; 50                ; Untyped                       ;
; CLK2_DUTY_CYCLE               ; 50                ; Untyped                       ;
; CLK1_DUTY_CYCLE               ; 50                ; Untyped                       ;
; CLK0_DUTY_CYCLE               ; 50                ; Signed Integer                ;
; CLK9_USE_EVEN_COUNTER_MODE    ; OFF               ; Untyped                       ;
; CLK8_USE_EVEN_COUNTER_MODE    ; OFF               ; Untyped                       ;
; CLK7_USE_EVEN_COUNTER_MODE    ; OFF               ; Untyped                       ;
; CLK6_USE_EVEN_COUNTER_MODE    ; OFF               ; Untyped                       ;
; CLK5_USE_EVEN_COUNTER_MODE    ; OFF               ; Untyped                       ;
; CLK4_USE_EVEN_COUNTER_MODE    ; OFF               ; Untyped                       ;
; CLK3_USE_EVEN_COUNTER_MODE    ; OFF               ; Untyped                       ;
; CLK2_USE_EVEN_COUNTER_MODE    ; OFF               ; Untyped                       ;
; CLK1_USE_EVEN_COUNTER_MODE    ; OFF               ; Untyped                       ;
; CLK0_USE_EVEN_COUNTER_MODE    ; OFF               ; Untyped                       ;
; CLK9_USE_EVEN_COUNTER_VALUE   ; OFF               ; Untyped                       ;
; CLK8_USE_EVEN_COUNTER_VALUE   ; OFF               ; Untyped                       ;
; CLK7_USE_EVEN_COUNTER_VALUE   ; OFF               ; Untyped                       ;
; CLK6_USE_EVEN_COUNTER_VALUE   ; OFF               ; Untyped                       ;
; CLK5_USE_EVEN_COUNTER_VALUE   ; OFF               ; Untyped                       ;
; CLK4_USE_EVEN_COUNTER_VALUE   ; OFF               ; Untyped                       ;
; CLK3_USE_EVEN_COUNTER_VALUE   ; OFF               ; Untyped                       ;
; CLK2_USE_EVEN_COUNTER_VALUE   ; OFF               ; Untyped                       ;
; CLK1_USE_EVEN_COUNTER_VALUE   ; OFF               ; Untyped                       ;
; CLK0_USE_EVEN_COUNTER_VALUE   ; OFF               ; Untyped                       ;
; LOCK_WINDOW_UI                ;  0.05             ; Untyped                       ;
; LOCK_WINDOW_UI_BITS           ; UNUSED            ; Untyped                       ;
; VCO_RANGE_DETECTOR_LOW_BITS   ; UNUSED            ; Untyped                       ;
; VCO_RANGE_DETECTOR_HIGH_BITS  ; UNUSED            ; Untyped                       ;
; DPA_MULTIPLY_BY               ; 0                 ; Untyped                       ;
; DPA_DIVIDE_BY                 ; 1                 ; Untyped                       ;
; DPA_DIVIDER                   ; 0                 ; Untyped                       ;
; EXTCLK3_MULTIPLY_BY           ; 1                 ; Untyped                       ;
; EXTCLK2_MULTIPLY_BY           ; 1                 ; Untyped                       ;
; EXTCLK1_MULTIPLY_BY           ; 1                 ; Untyped                       ;
; EXTCLK0_MULTIPLY_BY           ; 1                 ; Untyped                       ;
; EXTCLK3_DIVIDE_BY             ; 1                 ; Untyped                       ;
; EXTCLK2_DIVIDE_BY             ; 1                 ; Untyped                       ;
; EXTCLK1_DIVIDE_BY             ; 1                 ; Untyped                       ;
; EXTCLK0_DIVIDE_BY             ; 1                 ; Untyped                       ;
; EXTCLK3_PHASE_SHIFT           ; 0                 ; Untyped                       ;
; EXTCLK2_PHASE_SHIFT           ; 0                 ; Untyped                       ;
; EXTCLK1_PHASE_SHIFT           ; 0                 ; Untyped                       ;
; EXTCLK0_PHASE_SHIFT           ; 0                 ; Untyped                       ;
; EXTCLK3_TIME_DELAY            ; 0                 ; Untyped                       ;
; EXTCLK2_TIME_DELAY            ; 0                 ; Untyped                       ;
; EXTCLK1_TIME_DELAY            ; 0                 ; Untyped                       ;
; EXTCLK0_TIME_DELAY            ; 0                 ; Untyped                       ;
; EXTCLK3_DUTY_CYCLE            ; 50                ; Untyped                       ;
; EXTCLK2_DUTY_CYCLE            ; 50                ; Untyped                       ;
; EXTCLK1_DUTY_CYCLE            ; 50                ; Untyped                       ;
; EXTCLK0_DUTY_CYCLE            ; 50                ; Untyped                       ;
; VCO_MULTIPLY_BY               ; 0                 ; Untyped                       ;
; VCO_DIVIDE_BY                 ; 0                 ; Untyped                       ;
; SCLKOUT0_PHASE_SHIFT          ; 0                 ; Untyped                       ;
; SCLKOUT1_PHASE_SHIFT          ; 0                 ; Untyped                       ;
; VCO_MIN                       ; 0                 ; Untyped                       ;
; VCO_MAX                       ; 0                 ; Untyped                       ;
; VCO_CENTER                    ; 0                 ; Untyped                       ;
; PFD_MIN                       ; 0                 ; Untyped                       ;
; PFD_MAX                       ; 0                 ; Untyped                       ;
; M_INITIAL                     ; 0                 ; Untyped                       ;
; M                             ; 0                 ; Untyped                       ;
; N                             ; 1                 ; Untyped                       ;
; M2                            ; 1                 ; Untyped                       ;
; N2                            ; 1                 ; Untyped                       ;
; SS                            ; 1                 ; Untyped                       ;
; C0_HIGH                       ; 0                 ; Untyped                       ;
; C1_HIGH                       ; 0                 ; Untyped                       ;
; C2_HIGH                       ; 0                 ; Untyped                       ;
; C3_HIGH                       ; 0                 ; Untyped                       ;
; C4_HIGH                       ; 0                 ; Untyped                       ;
; C5_HIGH                       ; 0                 ; Untyped                       ;
; C6_HIGH                       ; 0                 ; Untyped                       ;
; C7_HIGH                       ; 0                 ; Untyped                       ;
; C8_HIGH                       ; 0                 ; Untyped                       ;
; C9_HIGH                       ; 0                 ; Untyped                       ;
; C0_LOW                        ; 0                 ; Untyped                       ;
; C1_LOW                        ; 0                 ; Untyped                       ;
; C2_LOW                        ; 0                 ; Untyped                       ;
; C3_LOW                        ; 0                 ; Untyped                       ;
; C4_LOW                        ; 0                 ; Untyped                       ;
; C5_LOW                        ; 0                 ; Untyped                       ;
; C6_LOW                        ; 0                 ; Untyped                       ;
; C7_LOW                        ; 0                 ; Untyped                       ;
; C8_LOW                        ; 0                 ; Untyped                       ;
; C9_LOW                        ; 0                 ; Untyped                       ;
; C0_INITIAL                    ; 0                 ; Untyped                       ;
; C1_INITIAL                    ; 0                 ; Untyped                       ;
; C2_INITIAL                    ; 0                 ; Untyped                       ;
; C3_INITIAL                    ; 0                 ; Untyped                       ;
; C4_INITIAL                    ; 0                 ; Untyped                       ;
; C5_INITIAL                    ; 0                 ; Untyped                       ;
; C6_INITIAL                    ; 0                 ; Untyped                       ;
; C7_INITIAL                    ; 0                 ; Untyped                       ;
; C8_INITIAL                    ; 0                 ; Untyped                       ;
; C9_INITIAL                    ; 0                 ; Untyped                       ;
; C0_MODE                       ; BYPASS            ; Untyped                       ;
; C1_MODE                       ; BYPASS            ; Untyped                       ;
; C2_MODE                       ; BYPASS            ; Untyped                       ;
; C3_MODE                       ; BYPASS            ; Untyped                       ;
; C4_MODE                       ; BYPASS            ; Untyped                       ;
; C5_MODE                       ; BYPASS            ; Untyped                       ;
; C6_MODE                       ; BYPASS            ; Untyped                       ;
; C7_MODE                       ; BYPASS            ; Untyped                       ;
; C8_MODE                       ; BYPASS            ; Untyped                       ;
; C9_MODE                       ; BYPASS            ; Untyped                       ;
; C0_PH                         ; 0                 ; Untyped                       ;
; C1_PH                         ; 0                 ; Untyped                       ;
; C2_PH                         ; 0                 ; Untyped                       ;
; C3_PH                         ; 0                 ; Untyped                       ;
; C4_PH                         ; 0                 ; Untyped                       ;
; C5_PH                         ; 0                 ; Untyped                       ;
; C6_PH                         ; 0                 ; Untyped                       ;
; C7_PH                         ; 0                 ; Untyped                       ;
; C8_PH                         ; 0                 ; Untyped                       ;
; C9_PH                         ; 0                 ; Untyped                       ;
; L0_HIGH                       ; 1                 ; Untyped                       ;
; L1_HIGH                       ; 1                 ; Untyped                       ;
; G0_HIGH                       ; 1                 ; Untyped                       ;
; G1_HIGH                       ; 1                 ; Untyped                       ;
; G2_HIGH                       ; 1                 ; Untyped                       ;
; G3_HIGH                       ; 1                 ; Untyped                       ;
; E0_HIGH                       ; 1                 ; Untyped                       ;
; E1_HIGH                       ; 1                 ; Untyped                       ;
; E2_HIGH                       ; 1                 ; Untyped                       ;
; E3_HIGH                       ; 1                 ; Untyped                       ;
; L0_LOW                        ; 1                 ; Untyped                       ;
; L1_LOW                        ; 1                 ; Untyped                       ;
; G0_LOW                        ; 1                 ; Untyped                       ;
; G1_LOW                        ; 1                 ; Untyped                       ;
; G2_LOW                        ; 1                 ; Untyped                       ;
; G3_LOW                        ; 1                 ; Untyped                       ;
; E0_LOW                        ; 1                 ; Untyped                       ;
; E1_LOW                        ; 1                 ; Untyped                       ;
; E2_LOW                        ; 1                 ; Untyped                       ;
; E3_LOW                        ; 1                 ; Untyped                       ;
; L0_INITIAL                    ; 1                 ; Untyped                       ;
; L1_INITIAL                    ; 1                 ; Untyped                       ;
; G0_INITIAL                    ; 1                 ; Untyped                       ;
; G1_INITIAL                    ; 1                 ; Untyped                       ;
; G2_INITIAL                    ; 1                 ; Untyped                       ;
; G3_INITIAL                    ; 1                 ; Untyped                       ;
; E0_INITIAL                    ; 1                 ; Untyped                       ;
; E1_INITIAL                    ; 1                 ; Untyped                       ;
; E2_INITIAL                    ; 1                 ; Untyped                       ;
; E3_INITIAL                    ; 1                 ; Untyped                       ;
; L0_MODE                       ; BYPASS            ; Untyped                       ;
; L1_MODE                       ; BYPASS            ; Untyped                       ;
; G0_MODE                       ; BYPASS            ; Untyped                       ;
; G1_MODE                       ; BYPASS            ; Untyped                       ;
; G2_MODE                       ; BYPASS            ; Untyped                       ;
; G3_MODE                       ; BYPASS            ; Untyped                       ;
; E0_MODE                       ; BYPASS            ; Untyped                       ;
; E1_MODE                       ; BYPASS            ; Untyped                       ;
; E2_MODE                       ; BYPASS            ; Untyped                       ;
; E3_MODE                       ; BYPASS            ; Untyped                       ;
; L0_PH                         ; 0                 ; Untyped                       ;
; L1_PH                         ; 0                 ; Untyped                       ;
; G0_PH                         ; 0                 ; Untyped                       ;
; G1_PH                         ; 0                 ; Untyped                       ;
; G2_PH                         ; 0                 ; Untyped                       ;
; G3_PH                         ; 0                 ; Untyped                       ;
; E0_PH                         ; 0                 ; Untyped                       ;
; E1_PH                         ; 0                 ; Untyped                       ;
; E2_PH                         ; 0                 ; Untyped                       ;
; E3_PH                         ; 0                 ; Untyped                       ;
; M_PH                          ; 0                 ; Untyped                       ;
; C1_USE_CASC_IN                ; OFF               ; Untyped                       ;
; C2_USE_CASC_IN                ; OFF               ; Untyped                       ;
; C3_USE_CASC_IN                ; OFF               ; Untyped                       ;
; C4_USE_CASC_IN                ; OFF               ; Untyped                       ;
; C5_USE_CASC_IN                ; OFF               ; Untyped                       ;
; C6_USE_CASC_IN                ; OFF               ; Untyped                       ;
; C7_USE_CASC_IN                ; OFF               ; Untyped                       ;
; C8_USE_CASC_IN                ; OFF               ; Untyped                       ;
; C9_USE_CASC_IN                ; OFF               ; Untyped                       ;
; CLK0_COUNTER                  ; G0                ; Untyped                       ;
; CLK1_COUNTER                  ; G0                ; Untyped                       ;
; CLK2_COUNTER                  ; G0                ; Untyped                       ;
; CLK3_COUNTER                  ; G0                ; Untyped                       ;
; CLK4_COUNTER                  ; G0                ; Untyped                       ;
; CLK5_COUNTER                  ; G0                ; Untyped                       ;
; CLK6_COUNTER                  ; E0                ; Untyped                       ;
; CLK7_COUNTER                  ; E1                ; Untyped                       ;
; CLK8_COUNTER                  ; E2                ; Untyped                       ;
; CLK9_COUNTER                  ; E3                ; Untyped                       ;
; L0_TIME_DELAY                 ; 0                 ; Untyped                       ;
; L1_TIME_DELAY                 ; 0                 ; Untyped                       ;
; G0_TIME_DELAY                 ; 0                 ; Untyped                       ;
; G1_TIME_DELAY                 ; 0                 ; Untyped                       ;
; G2_TIME_DELAY                 ; 0                 ; Untyped                       ;
; G3_TIME_DELAY                 ; 0                 ; Untyped                       ;
; E0_TIME_DELAY                 ; 0                 ; Untyped                       ;
; E1_TIME_DELAY                 ; 0                 ; Untyped                       ;
; E2_TIME_DELAY                 ; 0                 ; Untyped                       ;
; E3_TIME_DELAY                 ; 0                 ; Untyped                       ;
; M_TIME_DELAY                  ; 0                 ; Untyped                       ;
; N_TIME_DELAY                  ; 0                 ; Untyped                       ;
; EXTCLK3_COUNTER               ; E3                ; Untyped                       ;
; EXTCLK2_COUNTER               ; E2                ; Untyped                       ;
; EXTCLK1_COUNTER               ; E1                ; Untyped                       ;
; EXTCLK0_COUNTER               ; E0                ; Untyped                       ;
; ENABLE0_COUNTER               ; L0                ; Untyped                       ;
; ENABLE1_COUNTER               ; L0                ; Untyped                       ;
; CHARGE_PUMP_CURRENT           ; 2                 ; Untyped                       ;
; LOOP_FILTER_R                 ;  1.000000         ; Untyped                       ;
; LOOP_FILTER_C                 ; 5                 ; Untyped                       ;
; CHARGE_PUMP_CURRENT_BITS      ; 9999              ; Untyped                       ;
; LOOP_FILTER_R_BITS            ; 9999              ; Untyped                       ;
; LOOP_FILTER_C_BITS            ; 9999              ; Untyped                       ;
; VCO_POST_SCALE                ; 0                 ; Untyped                       ;
; CLK2_OUTPUT_FREQUENCY         ; 0                 ; Untyped                       ;
; CLK1_OUTPUT_FREQUENCY         ; 0                 ; Untyped                       ;
; CLK0_OUTPUT_FREQUENCY         ; 0                 ; Untyped                       ;
; INTENDED_DEVICE_FAMILY        ; Cyclone III       ; Untyped                       ;
; PORT_CLKENA0                  ; PORT_UNUSED       ; Untyped                       ;
; PORT_CLKENA1                  ; PORT_UNUSED       ; Untyped                       ;
; PORT_CLKENA2                  ; PORT_UNUSED       ; Untyped                       ;
; PORT_CLKENA3                  ; PORT_UNUSED       ; Untyped                       ;
; PORT_CLKENA4                  ; PORT_UNUSED       ; Untyped                       ;
; PORT_CLKENA5                  ; PORT_UNUSED       ; Untyped                       ;
; PORT_EXTCLKENA0               ; PORT_CONNECTIVITY ; Untyped                       ;
; PORT_EXTCLKENA1               ; PORT_CONNECTIVITY ; Untyped                       ;
; PORT_EXTCLKENA2               ; PORT_CONNECTIVITY ; Untyped                       ;
; PORT_EXTCLKENA3               ; PORT_CONNECTIVITY ; Untyped                       ;
; PORT_EXTCLK0                  ; PORT_UNUSED       ; Untyped                       ;
; PORT_EXTCLK1                  ; PORT_UNUSED       ; Untyped                       ;
; PORT_EXTCLK2                  ; PORT_UNUSED       ; Untyped                       ;
; PORT_EXTCLK3                  ; PORT_UNUSED       ; Untyped                       ;
; PORT_CLKBAD0                  ; PORT_UNUSED       ; Untyped                       ;
; PORT_CLKBAD1                  ; PORT_UNUSED       ; Untyped                       ;
; PORT_CLK0                     ; PORT_USED         ; Untyped                       ;
; PORT_CLK1                     ; PORT_UNUSED       ; Untyped                       ;
; PORT_CLK2                     ; PORT_UNUSED       ; Untyped                       ;
; PORT_CLK3                     ; PORT_UNUSED       ; Untyped                       ;
; PORT_CLK4                     ; PORT_UNUSED       ; Untyped                       ;
; PORT_CLK5                     ; PORT_UNUSED       ; Untyped                       ;
; PORT_CLK6                     ; PORT_UNUSED       ; Untyped                       ;
; PORT_CLK7                     ; PORT_UNUSED       ; Untyped                       ;
; PORT_CLK8                     ; PORT_UNUSED       ; Untyped                       ;
; PORT_CLK9                     ; PORT_UNUSED       ; Untyped                       ;
; PORT_SCANDATA                 ; PORT_UNUSED       ; Untyped                       ;
; PORT_SCANDATAOUT              ; PORT_UNUSED       ; Untyped                       ;
; PORT_SCANDONE                 ; PORT_UNUSED       ; Untyped                       ;
; PORT_SCLKOUT1                 ; PORT_CONNECTIVITY ; Untyped                       ;
; PORT_SCLKOUT0                 ; PORT_CONNECTIVITY ; Untyped                       ;
; PORT_ACTIVECLOCK              ; PORT_UNUSED       ; Untyped                       ;
; PORT_CLKLOSS                  ; PORT_UNUSED       ; Untyped                       ;
; PORT_INCLK1                   ; PORT_UNUSED       ; Untyped                       ;
; PORT_INCLK0                   ; PORT_USED         ; Untyped                       ;
; PORT_FBIN                     ; PORT_UNUSED       ; Untyped                       ;
; PORT_PLLENA                   ; PORT_UNUSED       ; Untyped                       ;
; PORT_CLKSWITCH                ; PORT_UNUSED       ; Untyped                       ;
; PORT_ARESET                   ; PORT_USED         ; Untyped                       ;
; PORT_PFDENA                   ; PORT_UNUSED       ; Untyped                       ;
; PORT_SCANCLK                  ; PORT_UNUSED       ; Untyped                       ;
; PORT_SCANACLR                 ; PORT_UNUSED       ; Untyped                       ;
; PORT_SCANREAD                 ; PORT_UNUSED       ; Untyped                       ;
; PORT_SCANWRITE                ; PORT_UNUSED       ; Untyped                       ;
; PORT_ENABLE0                  ; PORT_CONNECTIVITY ; Untyped                       ;
; PORT_ENABLE1                  ; PORT_CONNECTIVITY ; Untyped                       ;
; PORT_LOCKED                   ; PORT_USED         ; Untyped                       ;
; PORT_CONFIGUPDATE             ; PORT_UNUSED       ; Untyped                       ;
; PORT_FBOUT                    ; PORT_CONNECTIVITY ; Untyped                       ;
; PORT_PHASEDONE                ; PORT_UNUSED       ; Untyped                       ;
; PORT_PHASESTEP                ; PORT_UNUSED       ; Untyped                       ;
; PORT_PHASEUPDOWN              ; PORT_UNUSED       ; Untyped                       ;
; PORT_SCANCLKENA               ; PORT_UNUSED       ; Untyped                       ;
; PORT_PHASECOUNTERSELECT       ; PORT_UNUSED       ; Untyped                       ;
; PORT_VCOOVERRANGE             ; PORT_CONNECTIVITY ; Untyped                       ;
; PORT_VCOUNDERRANGE            ; PORT_CONNECTIVITY ; Untyped                       ;
; M_TEST_SOURCE                 ; 5                 ; Untyped                       ;
; C0_TEST_SOURCE                ; 5                 ; Untyped                       ;
; C1_TEST_SOURCE                ; 5                 ; Untyped                       ;
; C2_TEST_SOURCE                ; 5                 ; Untyped                       ;
; C3_TEST_SOURCE                ; 5                 ; Untyped                       ;
; C4_TEST_SOURCE                ; 5                 ; Untyped                       ;
; C5_TEST_SOURCE                ; 5                 ; Untyped                       ;
; C6_TEST_SOURCE                ; 5                 ; Untyped                       ;
; C7_TEST_SOURCE                ; 5                 ; Untyped                       ;
; C8_TEST_SOURCE                ; 5                 ; Untyped                       ;
; C9_TEST_SOURCE                ; 5                 ; Untyped                       ;
; CBXI_PARAMETER                ; pll_altpll        ; Untyped                       ;
; VCO_FREQUENCY_CONTROL         ; AUTO              ; Untyped                       ;
; VCO_PHASE_SHIFT_STEP          ; 0                 ; Untyped                       ;
; WIDTH_CLOCK                   ; 5                 ; Signed Integer                ;
; WIDTH_PHASECOUNTERSELECT      ; 4                 ; Untyped                       ;
; USING_FBMIMICBIDIR_PORT       ; OFF               ; Untyped                       ;
; DEVICE_FAMILY                 ; Cyclone III       ; Untyped                       ;
; SCAN_CHAIN_MIF_FILE           ; UNUSED            ; Untyped                       ;
; SIM_GATE_LOCK_DEVICE_BEHAVIOR ; OFF               ; Untyped                       ;
; AUTO_CARRY_CHAINS             ; ON                ; AUTO_CARRY                    ;
; IGNORE_CARRY_BUFFERS          ; OFF               ; IGNORE_CARRY                  ;
; AUTO_CASCADE_CHAINS           ; ON                ; AUTO_CASCADE                  ;
; IGNORE_CASCADE_BUFFERS        ; OFF               ; IGNORE_CASCADE                ;
+-------------------------------+-------------------+-------------------------------+
Note: In order to hide this table in the UI and the text report file, please set the "Show Parameter Settings Tables in Synthesis Report" option in "Analysis and Synthesis Settings -> More Settings" to "Off".


+----------------------------------------------------------------------+
; altpll Parameter Settings by Entity Instance                         ;
+-------------------------------+--------------------------------------+
; Name                          ; Value                                ;
+-------------------------------+--------------------------------------+
; Number of entity instances    ; 1                                    ;
; Entity Instance               ; pll:pll_inst|altpll:altpll_component ;
;     -- OPERATION_MODE         ; NORMAL                               ;
;     -- PLL_TYPE               ; AUTO                                 ;
;     -- PRIMARY_CLOCK          ; INCLK0                               ;
;     -- INCLK0_INPUT_FREQUENCY ; 20000                                ;
;     -- INCLK1_INPUT_FREQUENCY ; 0                                    ;
;     -- VCO_MULTIPLY_BY        ; 0                                    ;
;     -- VCO_DIVIDE_BY          ; 0                                    ;
+-------------------------------+--------------------------------------+


+----------------------------------------------------------------------------------------------------------------------+
; Analysis & Elaboration Settings                                                                                      ;
+----------------------------------------------------------------------------+--------------------+--------------------+
; Option                                                                     ; Setting            ; Default Value      ;
+----------------------------------------------------------------------------+--------------------+--------------------+
; Device                                                                     ; EP3C25Q240C8       ;                    ;
; Top-level entity name                                                      ; pllnrst            ; pllnrst            ;
; Family name                                                                ; Cyclone III        ; Stratix II         ;
; Type of Retiming Performed During Resynthesis                              ; Full               ;                    ;
; Resynthesis Optimization Effort                                            ; Normal             ;                    ;
; Physical Synthesis Level for Resynthesis                                   ; Normal             ;                    ;
; Use Generated Physical Constraints File                                    ; On                 ;                    ;
; Use smart compilation                                                      ; Off                ; Off                ;
; Enable parallel Assembler and TimeQuest Timing Analyzer during compilation ; On                 ; On                 ;
; Enable compact report table                                                ; Off                ; Off                ;
; Restructure Multiplexers                                                   ; Auto               ; Auto               ;
; Create Debugging Nodes for IP Cores                                        ; Off                ; Off                ;
; Preserve fewer node names                                                  ; On                 ; On                 ;
; Disable OpenCore Plus hardware evaluation                                  ; Off                ; Off                ;
; Verilog Version                                                            ; Verilog_2001       ; Verilog_2001       ;
; VHDL Version                                                               ; VHDL_1993          ; VHDL_1993          ;
; State Machine Processing                                                   ; Auto               ; Auto               ;
; Safe State Machine                                                         ; Off                ; Off                ;
; Extract Verilog State Machines                                             ; On                 ; On                 ;
; Extract VHDL State Machines                                                ; On                 ; On                 ;
; Ignore Verilog initial constructs                                          ; Off                ; Off                ;
; Iteration limit for constant Verilog loops                                 ; 5000               ; 5000               ;
; Iteration limit for non-constant Verilog loops                             ; 250                ; 250                ;
; Add Pass-Through Logic to Inferred RAMs                                    ; On                 ; On                 ;
; Parallel Synthesis                                                         ; On                 ; On                 ;
; DSP Block Balancing                                                        ; Auto               ; Auto               ;
; NOT Gate Push-Back                                                         ; On                 ; On                 ;
; Power-Up Don't Care                                                        ; On                 ; On                 ;
; Remove Redundant Logic Cells                                               ; Off                ; Off                ;
; Remove Duplicate Registers                                                 ; On                 ; On                 ;
; Ignore CARRY Buffers                                                       ; Off                ; Off                ;
; Ignore CASCADE Buffers                                                     ; Off                ; Off                ;
; Ignore GLOBAL Buffers                                                      ; Off                ; Off                ;
; Ignore ROW GLOBAL Buffers                                                  ; Off                ; Off                ;
; Ignore LCELL Buffers                                                       ; Off                ; Off                ;
; Ignore SOFT Buffers                                                        ; On                 ; On                 ;
; Limit AHDL Integers to 32 Bits                                             ; Off                ; Off                ;
; Optimization Technique                                                     ; Balanced           ; Balanced           ;
; Carry Chain Length                                                         ; 70                 ; 70                 ;
; Auto Carry Chains                                                          ; On                 ; On                 ;
; Auto Open-Drain Pins                                                       ; On                 ; On                 ;
; Perform WYSIWYG Primitive Resynthesis                                      ; Off                ; Off                ;
; Auto ROM Replacement                                                       ; On                 ; On                 ;
; Auto RAM Replacement                                                       ; On                 ; On                 ;
; Auto DSP Block Replacement                                                 ; On                 ; On                 ;
; Auto Shift Register Replacement                                            ; Auto               ; Auto               ;
; Auto Clock Enable Replacement                                              ; On                 ; On                 ;
; Strict RAM Replacement                                                     ; Off                ; Off                ;
; Allow Synchronous Control Signals                                          ; On                 ; On                 ;
; Force Use of Synchronous Clear Signals                                     ; Off                ; Off                ;
; Auto RAM Block Balancing                                                   ; On                 ; On                 ;
; Auto RAM to Logic Cell Conversion                                          ; Off                ; Off                ;
; Auto Resource Sharing                                                      ; Off                ; Off                ;
; Allow Any RAM Size For Recognition                                         ; Off                ; Off                ;
; Allow Any ROM Size For Recognition                                         ; Off                ; Off                ;
; Allow Any Shift Register Size For Recognition                              ; Off                ; Off                ;
; Use LogicLock Constraints during Resource Balancing                        ; On                 ; On                 ;
; Ignore translate_off and synthesis_off directives                          ; Off                ; Off                ;
; Timing-Driven Synthesis                                                    ; On                 ; On                 ;
; Show Parameter Settings Tables in Synthesis Report                         ; On                 ; On                 ;
; Ignore Maximum Fan-Out Assignments                                         ; Off                ; Off                ;
; Synchronization Register Chain Length                                      ; 2                  ; 2                  ;
; PowerPlay Power Optimization                                               ; Normal compilation ; Normal compilation ;
; HDL message level                                                          ; Level2             ; Level2             ;
; Suppress Register Optimization Related Messages                            ; Off                ; Off                ;
; Number of Removed Registers Reported in Synthesis Report                   ; 100                ; 100                ;
; Number of Inverted Registers Reported in Synthesis Report                  ; 100                ; 100                ;
; Clock MUX Protection                                                       ; On                 ; On                 ;
; Auto Gated Clock Conversion                                                ; Off                ; Off                ;
; Block Design Naming                                                        ; Auto               ; Auto               ;
; SDC constraint protection                                                  ; Off                ; Off                ;
; Synthesis Effort                                                           ; Auto               ; Auto               ;
; Shift Register Replacement - Allow Asynchronous Clear Signal               ; On                 ; On                 ;
; Analysis & Synthesis Message Level                                         ; Medium             ; Medium             ;
; Disable Register Merging Across Hierarchies                                ; Auto               ; Auto               ;
; Resource Aware Inference For Block RAM                                     ; On                 ; On                 ;
+----------------------------------------------------------------------------+--------------------+--------------------+


+---------------------------------+
; Analysis & Elaboration Messages ;
+---------------------------------+
Info: *******************************************************************
Info: Running Quartus II Analysis & Elaboration
    Info: Version 9.1 Build 222 10/21/2009 SJ Web Edition
    Info: Processing started: Tue May 19 14:53:56 2015
Info: Command: quartus_map --read_settings_files=on --write_settings_files=off pllnrst -c pllnrst --analysis_and_elaboration
Info: Found 1 design units, including 1 entities, in source file pllnrst.v
    Info: Found entity 1: pllnrst
Info: Found 1 design units, including 1 entities, in source file pll.v
    Info: Found entity 1: pll
Info: Elaborating entity "pllnrst" for the top level hierarchy
Info: Elaborating entity "pll" for hierarchy "pll:pll_inst"
Info: Elaborating entity "altpll" for hierarchy "pll:pll_inst|altpll:altpll_component"
Info: Elaborated megafunction instantiation "pll:pll_inst|altpll:altpll_component"
Info: Instantiated megafunction "pll:pll_inst|altpll:altpll_component" with the following parameter:
    Info: Parameter "bandwidth_type" = "AUTO"
    Info: Parameter "clk0_divide_by" = "1"
    Info: Parameter "clk0_duty_cycle" = "50"
    Info: Parameter "clk0_multiply_by" = "1"
    Info: Parameter "clk0_phase_shift" = "0"
    Info: Parameter "compensate_clock" = "CLK0"
    Info: Parameter "inclk0_input_frequency" = "20000"
    Info: Parameter "intended_device_family" = "Cyclone III"
    Info: Parameter "lpm_hint" = "CBX_MODULE_PREFIX=pll"
    Info: Parameter "lpm_type" = "altpll"
    Info: Parameter "operation_mode" = "NORMAL"
    Info: Parameter "pll_type" = "AUTO"
    Info: Parameter "port_activeclock" = "PORT_UNUSED"
    Info: Parameter "port_areset" = "PORT_USED"
    Info: Parameter "port_clkbad0" = "PORT_UNUSED"
    Info: Parameter "port_clkbad1" = "PORT_UNUSED"
    Info: Parameter "port_clkloss" = "PORT_UNUSED"
    Info: Parameter "port_clkswitch" = "PORT_UNUSED"
    Info: Parameter "port_configupdate" = "PORT_UNUSED"
    Info: Parameter "port_fbin" = "PORT_UNUSED"
    Info: Parameter "port_inclk0" = "PORT_USED"
    Info: Parameter "port_inclk1" = "PORT_UNUSED"
    Info: Parameter "port_locked" = "PORT_USED"
    Info: Parameter "port_pfdena" = "PORT_UNUSED"
    Info: Parameter "port_phasecounterselect" = "PORT_UNUSED"
    Info: Parameter "port_phasedone" = "PORT_UNUSED"
    Info: Parameter "port_phasestep" = "PORT_UNUSED"
    Info: Parameter "port_phaseupdown" = "PORT_UNUSED"
    Info: Parameter "port_pllena" = "PORT_UNUSED"
    Info: Parameter "port_scanaclr" = "PORT_UNUSED"
    Info: Parameter "port_scanclk" = "PORT_UNUSED"
    Info: Parameter "port_scanclkena" = "PORT_UNUSED"
    Info: Parameter "port_scandata" = "PORT_UNUSED"
    Info: Parameter "port_scandataout" = "PORT_UNUSED"
    Info: Parameter "port_scandone" = "PORT_UNUSED"
    Info: Parameter "port_scanread" = "PORT_UNUSED"
    Info: Parameter "port_scanwrite" = "PORT_UNUSED"
    Info: Parameter "port_clk0" = "PORT_USED"
    Info: Parameter "port_clk1" = "PORT_UNUSED"
    Info: Parameter "port_clk2" = "PORT_UNUSED"
    Info: Parameter "port_clk3" = "PORT_UNUSED"
    Info: Parameter "port_clk4" = "PORT_UNUSED"
    Info: Parameter "port_clk5" = "PORT_UNUSED"
    Info: Parameter "port_clkena0" = "PORT_UNUSED"
    Info: Parameter "port_clkena1" = "PORT_UNUSED"
    Info: Parameter "port_clkena2" = "PORT_UNUSED"
    Info: Parameter "port_clkena3" = "PORT_UNUSED"
    Info: Parameter "port_clkena4" = "PORT_UNUSED"
    Info: Parameter "port_clkena5" = "PORT_UNUSED"
    Info: Parameter "port_extclk0" = "PORT_UNUSED"
    Info: Parameter "port_extclk1" = "PORT_UNUSED"
    Info: Parameter "port_extclk2" = "PORT_UNUSED"
    Info: Parameter "port_extclk3" = "PORT_UNUSED"
    Info: Parameter "self_reset_on_loss_lock" = "OFF"
    Info: Parameter "width_clock" = "5"
Info: Found 1 design units, including 1 entities, in source file db/pll_altpll.v
    Info: Found entity 1: pll_altpll
Info: Elaborating entity "pll_altpll" for hierarchy "pll:pll_inst|altpll:altpll_component|pll_altpll:auto_generated"
Info: Quartus II Analysis & Elaboration was successful. 0 errors, 0 warnings
    Info: Peak virtual memory: 195 megabytes
    Info: Processing ended: Tue May 19 14:53:57 2015
    Info: Elapsed time: 00:00:01
    Info: Total CPU time (on all processors): 00:00:01


